<testsuites><testsuite name="Automated Tests"><testcase name="olt-4"><result>passed</result></testcase></testsuite><testsuite name="Automated Tests"><testcase name="olt-20"><result>passed</result></testcase></testsuite></testsuites>